<testsuite failures="0" name="karate/request/4DeletePet.feature" skipped="0" tests="4" time="1.299225">
  <testcase classname="karate.request.4DeletePet" name="Delete a pet a Id" time="0.322218">
    <system-out>* url url ................................................................. passed
* def responsePostAddPet = read('classpath:karate/request/responsePostAddPet.json') . passed
Given path 'pet','1' ...................................................... passed
When method Delete ........................................................ passed
Then status 200 ........................................................... passed
And match response == {code: '#number',type: '#string',message: '#string'}| . passed</system-out>
  </testcase>
  <testcase classname="karate.request.4DeletePet" name="Delete a pet with a invalid Id" time="0.332143">
    <system-out>* url url ................................................................. passed
* def responsePostAddPet = read('classpath:karate/request/responsePostAddPet.json') . passed
Given path 'pet','1' ...................................................... passed
When method Delete ........................................................ passed
Then status 200 ........................................................... passed
And match response == {code: '#number',type: '#string',message: '#string'}| . passed
* url url ................................................................. passed
* def idPet = '701' ....................................................... passed
Given path 'pet',idPet .................................................... passed
When method Delete ........................................................ passed
Then status 404 ........................................................... passed
And match response == '' .................................................. passed</system-out>
  </testcase>
  <testcase classname="karate.request.4DeletePet" name="Delete a pet with a invalid Id" time="0.317109">
    <system-out>* url url ................................................................. passed
* def responsePostAddPet = read('classpath:karate/request/responsePostAddPet.json') . passed
Given path 'pet','1' ...................................................... passed
When method Delete ........................................................ passed
Then status 200 ........................................................... passed
And match response == {code: '#number',type: '#string',message: '#string'}| . passed
* url url ................................................................. passed
* def idPet = '701' ....................................................... passed
Given path 'pet',idPet .................................................... passed
When method Delete ........................................................ passed
Then status 404 ........................................................... passed
And match response == '' .................................................. passed
* url url ................................................................. passed
* def idPet = 'gain' ...................................................... passed
Given path 'pet',idPet .................................................... passed
When method Delete ........................................................ passed
Then status 404 ........................................................... passed
And match response == {code: '#number',type: '#string',message: '#string'} . passed</system-out>
  </testcase>
  <testcase classname="karate.request.4DeletePet" name="Delete a pet with a invalid Id" time="0.327755">
    <system-out>* url url ................................................................. passed
* def responsePostAddPet = read('classpath:karate/request/responsePostAddPet.json') . passed
Given path 'pet','1' ...................................................... passed
When method Delete ........................................................ passed
Then status 200 ........................................................... passed
And match response == {code: '#number',type: '#string',message: '#string'}| . passed
* url url ................................................................. passed
* def idPet = '701' ....................................................... passed
Given path 'pet',idPet .................................................... passed
When method Delete ........................................................ passed
Then status 404 ........................................................... passed
And match response == '' .................................................. passed
* url url ................................................................. passed
* def idPet = 'gain' ...................................................... passed
Given path 'pet',idPet .................................................... passed
When method Delete ........................................................ passed
Then status 404 ........................................................... passed
And match response == {code: '#number',type: '#string',message: '#string'} . passed
* url url ................................................................. passed
* def idPet = '' .......................................................... passed
Given path 'pet',idPet .................................................... passed
When method Delete ........................................................ passed
Then status 405 ........................................................... passed
And match response == &lt;?xml version="1.0" encoding="UTF-8" standalone="yes"?&gt;&lt;apiResponse&gt;&lt;type&gt;unknown&lt;/type&gt;&lt;/apiResponse&gt; . passed</system-out>
  </testcase>
</testsuite>
